[debug] [2021-12-02T14:30:21.428Z] ----------------------------------------------------------------------
[debug] [2021-12-02T14:30:21.433Z] Command:       C:\Program Files\nodejs\node.exe C:\Users\Tuhin Hasan\AppData\Roaming\npm\node_modules\firebase-tools\lib\bin\firebase.js init
[debug] [2021-12-02T14:30:21.433Z] CLI Version:   9.23.0
[debug] [2021-12-02T14:30:21.433Z] Platform:      win32
[debug] [2021-12-02T14:30:21.434Z] Node Version:  v16.13.0
[debug] [2021-12-02T14:30:21.436Z] Time:          Thu Dec 02 2021 20:30:21 GMT+0600 (Bangladesh Standard Time)
[debug] [2021-12-02T14:30:21.437Z] ----------------------------------------------------------------------
[debug] 
[debug] [2021-12-02T14:30:21.522Z] > command requires scopes: ["email","openid","https://www.googleapis.com/auth/cloudplatformprojects.readonly","https://www.googleapis.com/auth/firebase","https://www.googleapis.com/auth/cloud-platform"]
[debug] [2021-12-02T14:30:21.523Z] > authorizing via signed-in user (tuhin.tuheen@gmail.com)
[info] 
     ######## #### ########  ######## ########     ###     ######  ########
     ##        ##  ##     ## ##       ##     ##  ##   ##  ##       ##
     ######    ##  ########  ######   ########  #########  ######  ######
     ##        ##  ##    ##  ##       ##     ## ##     ##       ## ##
     ##       #### ##     ## ######## ########  ##     ##  ######  ########

You're about to initialize a Firebase project in this directory:

  C:\ProjectNew\assignment-11-client

Before we get started, keep in mind:

  * You are currently outside your home directory
  * You are initializing within an existing Firebase project directory

